Arguments: 
  D:\FQ\nodejs\node.exe D:\FQ\yarn\bin\yarn.js init

PATH: 
  D:\FQ\cmder\vendor\git-for-windows\mingw64\bin;D:\FQ\cmder\vendor\git-for-windows\usr\bin;C:\Users\Administrator\bin;D:\Web 安全;D:\嵌入式系统\bin;C:\Program Files\Java\jdk-14.0.2\bin;C:\windows\system32;C:\windows;C:\windows\System32\Wbem;C:\windows\System32\WindowsPowerShell\v1.0;C:\windows\System32\OpenSSH;C:\MATLAB7\bin\win32;D:\Program Files\Polyspace\R2019b\runtime\win64;D:\Program Files\Polyspace\R2019b\bin;D:\Program Files\Polyspace\R2019b\polyspace\bin;D:\matlab9.22\runtime\win64;D:\matlab9.22\bin;C:\Program Files\dotnet;C:\Program Files\Microsoft SQL Server\130\Tools\Binn;C:\Program Files\Microsoft SQL Server\Client SDK\ODBC\170\Tools\Binn;D:\FQ\yarn\bin;D:\FQ\nodejs;C:\ProgramData\chocolatey\bin;C:\Program Files\Git\cmd;D:\嵌入式系统\Fastboot\Fastboot;D:\python\Scripts;D:\python;C:\Users\Administrator\AppData\Local\Microsoft\WindowsApps;C:\Users\Administrator\.dotnet\tools;C:\Users\Administrator\AppData\Local\Yarn\bin;C:\Users\Administrator\AppData\Roaming\npm;D:\FQ\WebStorm 2020.3.2\bin;D:\FQ\Microsoft VS Code\bin

Yarn version: 
  1.22.5

Node version: 
  14.15.4

Platform: 
  win32 x64

Trace: 
  Error: canceled
      at Interface.<anonymous> (D:\FQ\yarn\lib\cli.js:137009:13)
      at Interface.emit (events.js:315:20)
      at Interface._ttyWrite (readline.js:875:16)
      at ReadStream.onkeypress (readline.js:213:10)
      at ReadStream.emit (events.js:315:20)
      at emitKeys (internal/readline/utils.js:345:14)
      at emitKeys.next (<anonymous>)
      at ReadStream.onData (readline.js:1144:36)
      at ReadStream.emit (events.js:315:20)
      at addChunk (internal/streams/readable.js:309:12)

npm manifest: 
  No manifest

yarn manifest: 
  No manifest

Lockfile: 
  No lockfile
